<?xml version="1.0" encoding="UTF-8"?>
<!-- Generated by org.testng.reporters.JUnitXMLReporter -->
<testsuite hostname="DESKTOP-OL70TMQ" ignored="0" name="Regression Test" tests="3" failures="0" timestamp="29 May 2020 07:37:32 GMT" time="56.476" errors="0">
  <testcase name="checkItemCountTest" time="0.083" classname="com.jija.qa.tests.PotteryPageTest"/>
  <testcase name="productsListTest" time="0.334" classname="com.jija.qa.tests.PotteryPageTest"/>
  <testcase name="craftPageOpenTest" time="0.111" classname="com.jija.qa.tests.CraftPageTest"/>
</testsuite> <!-- Regression Test -->
