<?xml version="1.0" encoding="UTF-8"?>
<!-- Generated by org.testng.reporters.JUnitXMLReporter -->
<testsuite hostname="DESKTOP-OL70TMQ" ignored="1" name="Default test" tests="1" failures="0" timestamp="02 Jun 2020 12:34:49 GMT" time="40.284" errors="0">
  <testcase name="productsListTest" time="0.435" classname="com.jija.qa.tests.PotteryPageTest"/>
  <testcase name="checkItemCountTest" time="0.0" classname="com.jija.qa.tests.PotteryPageTest">
    <ignored/>
  </testcase> <!-- checkItemCountTest -->
</testsuite> <!-- Default test -->
