<?xml version="1.0" encoding="UTF-8"?>
<!-- Generated by org.testng.reporters.JUnitXMLReporter -->
<testsuite hostname="DESKTOP-OL70TMQ" ignored="0" name="Default test" tests="3" failures="0" timestamp="22 May 2020 13:38:40 GMT" time="60.831" errors="0">
  <testcase name="logoCheckTest" time="0.303" classname="com.jija.qa.tests.LoginPageTest"/>
  <testcase name="loginTest" time="3.01" classname="com.jija.qa.tests.LoginPageTest"/>
  <testcase name="titleCheckTest" time="0.055" classname="com.jija.qa.tests.LoginPageTest"/>
</testsuite> <!-- Default test -->
