<?xml version="1.0" encoding="UTF-8"?>
<!-- Generated by org.testng.reporters.JUnitXMLReporter -->
<testsuite hostname="DESKTOP-OL70TMQ" ignored="0" name="4 Classes Test" tests="4" failures="0" timestamp="28 May 2020 11:52:19 GMT" time="116.381" errors="0">
  <testcase name="craftPageOpenTest" time="0.308" classname="com.jija.qa.tests.CraftPageTest"/>
  <testcase name="checkItemCountTest" time="0.16" classname="com.jija.qa.tests.PotteryPageTest"/>
  <testcase name="productsListTest" time="0.54" classname="com.jija.qa.tests.PotteryPageTest"/>
  <testcase name="verifyHomePageTitleTest" time="0.028" classname="com.jija.qa.tests.HomePageTest"/>
</testsuite> <!-- 4 Classes Test -->
