<?xml version="1.0" encoding="UTF-8"?>
<!-- Generated by org.testng.reporters.JUnitXMLReporter -->
<testsuite hostname="DESKTOP-OL70TMQ" ignored="0" name="Regression Test" tests="4" failures="0" timestamp="28 May 2020 11:56:44 GMT" time="102.254" errors="0">
  <testcase name="craftPageOpenTest" time="0.184" classname="com.jija.qa.tests.CraftPageTest"/>
  <testcase name="checkItemCountTest" time="0.06" classname="com.jija.qa.tests.PotteryPageTest"/>
  <testcase name="productsListTest" time="0.5" classname="com.jija.qa.tests.PotteryPageTest"/>
  <testcase name="verifyHomePageTitleTest" time="0.024" classname="com.jija.qa.tests.HomePageTest"/>
</testsuite> <!-- Regression Test -->
