<?xml version="1.0" encoding="UTF-8"?>
<!-- Generated by org.testng.reporters.JUnitXMLReporter -->
<testsuite hostname="DESKTOP-OL70TMQ" ignored="0" name="RunnerTest" tests="4" failures="0" timestamp="27 May 2020 19:12:31 GMT" time="76.484" errors="0">
  <testcase name="craftPageOpenTest" time="0.162" classname="com.jija.qa.tests.CraftPageTest"/>
  <testcase name="checkItemCountTest" time="0.066" classname="com.jija.qa.tests.PotteryPageTest"/>
  <testcase name="productsListTest" time="0.344" classname="com.jija.qa.tests.PotteryPageTest"/>
  <testcase name="verifyHomePageTitleTest" time="0.018" classname="com.jija.qa.tests.HomePageTest"/>
</testsuite> <!-- RunnerTest -->
