<?xml version="1.0" encoding="UTF-8"?>
<!-- Generated by org.testng.reporters.JUnitXMLReporter -->
<testsuite hostname="Rajat-PC" ignored="0" name="RunnerTest" tests="6" failures="0" timestamp="11 Mar 2020 06:57:22 GMT" time="107.981" errors="0">
  <testcase name="craftPageOpenTest" time="0.134" classname="com.jija.qa.tests.CraftPageTest"/>
  <testcase name="verifyHomePageTitle" time="0.022" classname="com.jija.qa.tests.HomePageTest"/>
  <testcase name="logoCheckTest" time="0.083" classname="com.jija.qa.tests.LoginPageTest"/>
  <testcase name="verifyCraftPageBtnTest" time="6.309" classname="com.jija.qa.tests.HomePageTest"/>
  <testcase name="loginTest" time="1.066" classname="com.jija.qa.tests.LoginPageTest"/>
  <testcase name="titleCheckTest" time="0.034" classname="com.jija.qa.tests.LoginPageTest"/>
</testsuite> <!-- RunnerTest -->
