<?xml version="1.0" encoding="UTF-8"?>
<!-- Generated by org.testng.reporters.JUnitXMLReporter -->
<testsuite hostname="DESKTOP-OL70TMQ" ignored="0" name="Smoke Test" tests="5" failures="0" timestamp="29 May 2020 07:30:40 GMT" time="86.554" errors="0">
  <testcase name="verifyHomePageTitleTest" time="0.048" classname="com.jija.qa.tests.HomePageTest"/>
  <testcase name="logoCheckTest" time="0.285" classname="com.jija.qa.tests.LoginPageTest"/>
  <testcase name="verifyCraftPageBtnTest" time="4.542" classname="com.jija.qa.tests.HomePageTest"/>
  <testcase name="loginTest" time="2.04" classname="com.jija.qa.tests.LoginPageTest"/>
  <testcase name="titleCheckTest" time="0.026" classname="com.jija.qa.tests.LoginPageTest"/>
</testsuite> <!-- Smoke Test -->
